[debug] [2025-10-31T20:34:58.943Z] ----------------------------------------------------------------------
[debug] [2025-10-31T20:34:58.945Z] Command:       /home/mrkent/.nvm/versions/node/v20.19.5/bin/node /home/mrkent/.nvm/versions/node/v20.19.5/bin/firebase projects:list
[debug] [2025-10-31T20:34:58.945Z] CLI Version:   14.23.0
[debug] [2025-10-31T20:34:58.945Z] Platform:      linux
[debug] [2025-10-31T20:34:58.946Z] Node Version:  v20.19.5
[debug] [2025-10-31T20:34:58.946Z] Time:          Sat Nov 01 2025 03:34:58 GMT+0700 (Giờ Đông Dương)
[debug] [2025-10-31T20:34:58.946Z] ----------------------------------------------------------------------
[debug] 
[debug] [2025-10-31T20:34:59.241Z] Field "/hosting" in "firebase.json" is possibly invalid: must be object
[debug] [2025-10-31T20:34:59.242Z] Object "/hosting/0" in "firebase.json" is missing required property: {"missingProperty":"target"}
[debug] [2025-10-31T20:34:59.242Z] Object "/hosting/0" in "firebase.json" is missing required property: {"missingProperty":"site"}
[debug] [2025-10-31T20:34:59.242Z] Field "/hosting/0" in "firebase.json" is possibly invalid: must match a schema in anyOf
[debug] [2025-10-31T20:34:59.242Z] Field "/hosting" in "firebase.json" is possibly invalid: must match a schema in anyOf
[debug] [2025-10-31T20:34:59.246Z] > command requires scopes: ["email","openid","https://www.googleapis.com/auth/cloudplatformprojects.readonly","https://www.googleapis.com/auth/firebase","https://www.googleapis.com/auth/cloud-platform"]
[debug] [2025-10-31T20:34:59.246Z] > authorizing via signed-in user (begau1302@gmail.com)
[debug] [2025-10-31T20:34:59.250Z] Checked if tokens are valid: true, expires at: 1761945400610
[debug] [2025-10-31T20:34:59.251Z] Checked if tokens are valid: true, expires at: 1761945400610
[debug] [2025-10-31T20:34:59.254Z] >>> [apiv2][query] GET https://firebase.googleapis.com/v1beta1/projects pageSize=1000
[debug] [2025-10-31T20:34:59.941Z] <<< [apiv2][status] GET https://firebase.googleapis.com/v1beta1/projects 200
[debug] [2025-10-31T20:57:49.910Z] ----------------------------------------------------------------------
[debug] [2025-10-31T20:57:49.912Z] Command:       /home/mrkent/.nvm/versions/node/v20.19.5/bin/node /home/mrkent/.nvm/versions/node/v20.19.5/bin/firebase deploy
[debug] [2025-10-31T20:57:49.912Z] CLI Version:   14.23.0
[debug] [2025-10-31T20:57:49.912Z] Platform:      linux
[debug] [2025-10-31T20:57:49.912Z] Node Version:  v20.19.5
[debug] [2025-10-31T20:57:49.912Z] Time:          Sat Nov 01 2025 03:57:49 GMT+0700 (Giờ Đông Dương)
[debug] [2025-10-31T20:57:49.913Z] ----------------------------------------------------------------------
[debug] 
[debug] [2025-10-31T20:57:50.201Z] > command requires scopes: ["email","openid","https://www.googleapis.com/auth/cloudplatformprojects.readonly","https://www.googleapis.com/auth/firebase","https://www.googleapis.com/auth/cloud-platform"]
[debug] [2025-10-31T20:57:50.202Z] > authorizing via signed-in user (begau1302@gmail.com)
[debug] [2025-10-31T20:57:50.202Z] [iam] checking project anhbao-373f3 for permissions ["datastore.indexes.create","datastore.indexes.delete","datastore.indexes.list","datastore.indexes.update","firebase.projects.get","firebasehosting.sites.update"]
[debug] [2025-10-31T20:57:50.204Z] Checked if tokens are valid: true, expires at: 1761945400610
[debug] [2025-10-31T20:57:50.204Z] Checked if tokens are valid: true, expires at: 1761945400610
[debug] [2025-10-31T20:57:50.207Z] >>> [apiv2][query] POST https://cloudresourcemanager.googleapis.com/v1/projects/anhbao-373f3:testIamPermissions [none]
[debug] [2025-10-31T20:57:50.207Z] >>> [apiv2][(partial)header] POST https://cloudresourcemanager.googleapis.com/v1/projects/anhbao-373f3:testIamPermissions x-goog-quota-user=projects/anhbao-373f3
[debug] [2025-10-31T20:57:50.208Z] >>> [apiv2][body] POST https://cloudresourcemanager.googleapis.com/v1/projects/anhbao-373f3:testIamPermissions {"permissions":["datastore.indexes.create","datastore.indexes.delete","datastore.indexes.list","datastore.indexes.update","firebase.projects.get","firebasehosting.sites.update"]}
[debug] [2025-10-31T20:57:51.289Z] <<< [apiv2][status] POST https://cloudresourcemanager.googleapis.com/v1/projects/anhbao-373f3:testIamPermissions 200
[debug] [2025-10-31T20:57:51.290Z] <<< [apiv2][body] POST https://cloudresourcemanager.googleapis.com/v1/projects/anhbao-373f3:testIamPermissions {"permissions":["datastore.indexes.create","datastore.indexes.delete","datastore.indexes.list","datastore.indexes.update","firebase.projects.get","firebasehosting.sites.update"]}
[debug] [2025-10-31T20:57:51.292Z] Checked if tokens are valid: true, expires at: 1761945400610
[debug] [2025-10-31T20:57:51.292Z] Checked if tokens are valid: true, expires at: 1761945400610
[debug] [2025-10-31T20:57:51.293Z] >>> [apiv2][query] GET https://firebase.googleapis.com/v1beta1/projects/anhbao-373f3 [none]
[debug] [2025-10-31T20:57:51.745Z] <<< [apiv2][status] GET https://firebase.googleapis.com/v1beta1/projects/anhbao-373f3 200
[debug] [2025-10-31T20:57:51.746Z] <<< [apiv2][body] GET https://firebase.googleapis.com/v1beta1/projects/anhbao-373f3 {"projectId":"anhbao-373f3","projectNumber":"599456783339","displayName":"anhbao-373f3","name":"projects/anhbao-373f3","resources":{"hostingSite":"anhbao-373f3","realtimeDatabaseInstance":"anhbao-373f3-default-rtdb"},"state":"ACTIVE","etag":"1_6124e353-0c56-45de-85b2-4cedc10230f0"}
[debug] [2025-10-31T20:57:54.467Z] defaultcredentials: writing to file /home/mrkent/.config/firebase/begau1302_gmail_com_application_default_credentials.json
[debug] [2025-10-31T20:57:54.469Z] Checked if tokens are valid: true, expires at: 1761945400610
[debug] [2025-10-31T20:57:54.470Z] Checked if tokens are valid: true, expires at: 1761945400610
[debug] [2025-10-31T20:57:54.470Z] >>> [apiv2][query] GET https://firebasehosting.googleapis.com/v1beta1/projects/anhbao-373f3/sites pageToken=&pageSize=10
[debug] [2025-10-31T20:57:55.207Z] <<< [apiv2][status] GET https://firebasehosting.googleapis.com/v1beta1/projects/anhbao-373f3/sites 200
[debug] [2025-10-31T20:57:55.207Z] <<< [apiv2][body] GET https://firebasehosting.googleapis.com/v1beta1/projects/anhbao-373f3/sites {"sites":[{"name":"projects/anhbao-373f3/sites/anhbao-373f3","defaultUrl":"https://anhbao-373f3.web.app","appId":"1:599456783339:web:cd57a672317cfaf2d617ae","type":"DEFAULT_SITE"}]}
[debug] [2025-10-31T20:57:55.209Z] Checked if tokens are valid: true, expires at: 1761945400610
[debug] [2025-10-31T20:57:55.209Z] Checked if tokens are valid: true, expires at: 1761945400610
[debug] [2025-10-31T20:57:55.209Z] >>> [apiv2][query] GET https://firebase.googleapis.com/v1beta1/projects/-/webApps/1:599456783339:web:cd57a672317cfaf2d617ae/config [none]
[debug] [2025-10-31T20:57:56.259Z] <<< [apiv2][status] GET https://firebase.googleapis.com/v1beta1/projects/-/webApps/1:599456783339:web:cd57a672317cfaf2d617ae/config 200
[debug] [2025-10-31T20:57:56.260Z] <<< [apiv2][body] GET https://firebase.googleapis.com/v1beta1/projects/-/webApps/1:599456783339:web:cd57a672317cfaf2d617ae/config {"projectId":"anhbao-373f3","appId":"1:599456783339:web:cd57a672317cfaf2d617ae","databaseURL":"https://anhbao-373f3-default-rtdb.asia-southeast1.firebasedatabase.app","storageBucket":"anhbao-373f3.firebasestorage.app","apiKey":"AIzaSyCQ7R-GyZjSY_iPQ1iooF_uFOa35gViM18","authDomain":"anhbao-373f3.firebaseapp.com","messagingSenderId":"599456783339","projectNumber":"599456783339","version":"2"}
[info] 
   Thank you for trying our early preview of Next.js support on Firebase Hosting.
   During the preview, support is best-effort and breaking changes can be expected. Proceed with caution.
   The integration is known to work with Next.js version 12 - 15.0. You may encounter errors.

   Documentation: https://firebase.google.com/docs/hosting/frameworks/nextjs
   File a bug: https://github.com/firebase/firebase-tools/issues/new?template=bug_report.md
   Submit a feature request: https://github.com/firebase/firebase-tools/issues/new?template=feature_request.md

   We'd love to learn from you. Express your interest in helping us shape the future of Firebase Hosting: https://goo.gle/41enW5X

[debug] [2025-10-31T20:58:04.248Z] Checked if tokens are valid: true, expires at: 1761945400610
[debug] [2025-10-31T20:58:04.248Z] Checked if tokens are valid: true, expires at: 1761945400610
[debug] [2025-10-31T20:58:04.248Z] >>> [apiv2][query] GET https://firebasehosting.googleapis.com/v1beta1/projects/anhbao-373f3/sites/anhbao-373f3 [none]
[debug] [2025-10-31T20:58:04.783Z] <<< [apiv2][status] GET https://firebasehosting.googleapis.com/v1beta1/projects/anhbao-373f3/sites/anhbao-373f3 200
[debug] [2025-10-31T20:58:04.783Z] <<< [apiv2][body] GET https://firebasehosting.googleapis.com/v1beta1/projects/anhbao-373f3/sites/anhbao-373f3 {"name":"projects/anhbao-373f3/sites/anhbao-373f3","defaultUrl":"https://anhbao-373f3.web.app","appId":"1:599456783339:web:cd57a672317cfaf2d617ae","type":"DEFAULT_SITE"}
[info]    ▲ Next.js 16.0.1 (Turbopack)

[info]    - Environments: .env.local


[info]  ⚠ The "middleware" file convention is deprecated. Please use "proxy" instead. Learn more: https://nextjs.org/docs/messages/middleware-to-proxy

[info]    Creating an optimized production build ...

[info] 
[150.33ms] [@tailwindcss/postcss] src/app/globals.css

[info] [  0.09ms]   ↳ Quick bail check
[ 44.27ms]   ↳ Setup compiler
[  1.12ms]     ↳ PostCSS AST -> Tailwind CSS AST
[ 43.12ms]     ↳ Create compiler
[  0.16ms]   ↳ Register full rebuild paths
[  1.29ms]   ↳ Setup scanner
[ 21.83ms]   ↳ Scan for candidates
[ 12.66ms]   ↳ Register dependency messages
[ 42.43ms]   ↳ Build utilities
[ 20.79ms]   ↳ Optimization
[  0.96ms]     ↳ AST -> CSS
[ 10.11ms]     ↳ Lightning CSS
[  9.67ms]     ↳ CSS -> PostCSS AST
[  6.10ms]   ↳ Update PostCSS AST


[info]  ✓ Compiled successfully in 7.3s

[info]    Running TypeScript ...

[info]    Collecting page data ...

[info]    Generating static pages (0/41) ...

[info]    Generating static pages (10/41) 

[info]    Generating static pages (20/41) 

[info]    Generating static pages (30/41) 

[info]  ✓ Generating static pages (41/41) in 1736.3ms

[info]    Finalizing page optimization ...

[info] 

[info] Route (app)
┌ ○ /
├ ○ /_not-found
├ ○ /admin
├ ○ /admin/content
├ ○ /admin/documents/create
├ ○ /admin/field-definitions
├ ○ /admin/login
├ ○ /admin/mappings
├ ○ /admin/templates
├ ○ /admin/users
├ ƒ /api/admin/content-blocks
├ ƒ /api/admin/content-blocks/[id]
├ ƒ /api/admin/field-definitions
├ ƒ /api/admin/field-definitions/[id]
├ ƒ /api/admin/pdf/generate
├ ƒ /api/admin/pdf/templates
├ ƒ /api/admin/pdf/templates/[id]
├ ƒ /api/admin/users
├ ƒ /api/admin/users/[id]
├ ƒ /api/auth/login
├ ƒ /api/auth/logout
├ ƒ /api/auth/me
├ ƒ /api/content-blocks/[key]
├ ƒ /api/documents
├ ƒ /api/field-definitions/[screenId]
├ ƒ /api/mappings/[mst]
├ ƒ /api/notifications
├ ƒ /api/profiles/[mst]
├ ƒ /chi-tiet-nghia-vu-thue/[id]
├ ○ /dang-ky-thue
├ ○ /doi-mat-khau
├ ○ /ho-so-dang-ky-thue
├ ○ /ho-so-quyet-toan-thue
├ ○ /ho-tro
├ ○ /ho-tro-quyet-toan
├ ○ /hoa-don-dien-tu
├ ○ /khai-thue
├ ○ /login
├ ○ /nhom-chuc-nang-nop-thue
├ ○ /thiet-lap-ca-nhan
├ ○ /thong-bao
├ ƒ /thong-bao/[id]
├ ○ /thong-tin-nguoi-noop-thue
├ ○ /thong-tin-tai-khoan
├ ○ /tien-ich
├ ○ /tra-cuu-chung-tu
├ ○ /tra-cuu-nghia-vu-thue
├ ƒ /tra-cuu-nghia-vu-thue/[id]
├ ○ /tra-cuu-thong-tin-nguoi-phu-thuoc
├ ○ /tra-cuu-thong-tin-quyet-toan
└ ○ /van-tay


ƒ Proxy (Middleware)

[info] 
○  (Static)   prerendered as static content
ƒ  (Dynamic)  server-rendered on demand


[info] Building a Cloud Function to run this application. This is needed due to:
[info]  • middleware
[info]  • non-static component /api/admin/content-blocks/[id]/route
[info]  • non-static component /api/admin/content-blocks/route
[info]  • non-static component /api/admin/field-definitions/[id]/route
[info]  • non-static component /api/admin/field-definitions/route
[debug] [2025-10-31T20:58:26.646Z]  • non-static component /api/admin/pdf/generate/route
[debug] [2025-10-31T20:58:26.646Z]  • non-static component /api/admin/pdf/templates/[id]/route
[debug] [2025-10-31T20:58:26.646Z]  • non-static component /api/admin/pdf/templates/route
[debug] [2025-10-31T20:58:26.646Z]  • non-static component /api/admin/users/[id]/route
[debug] [2025-10-31T20:58:26.646Z]  • non-static component /api/admin/users/route
[debug] [2025-10-31T20:58:26.646Z]  • non-static component /api/auth/login/route
[debug] [2025-10-31T20:58:26.646Z]  • non-static component /api/auth/logout/route
[debug] [2025-10-31T20:58:26.646Z]  • non-static component /api/auth/me/route
[debug] [2025-10-31T20:58:26.646Z]  • non-static component /api/content-blocks/[key]/route
[debug] [2025-10-31T20:58:26.646Z]  • non-static component /api/documents/route
[debug] [2025-10-31T20:58:26.646Z]  • non-static component /api/field-definitions/[screenId]/route
[debug] [2025-10-31T20:58:26.646Z]  • non-static component /api/mappings/[mst]/route
[debug] [2025-10-31T20:58:26.647Z]  • non-static component /api/notifications/route
[debug] [2025-10-31T20:58:26.647Z]  • non-static component /api/profiles/[mst]/route
[debug] [2025-10-31T20:58:26.647Z]  • non-static component /chi-tiet-nghia-vu-thue/[id]/page
[debug] [2025-10-31T20:58:26.647Z]  • non-static component /thong-bao/[id]/page
[debug] [2025-10-31T20:58:26.647Z]  • non-static component /tra-cuu-nghia-vu-thue/[id]/page
[info] 
[debug] [2025-10-31T20:58:26.958Z] skipping /_global-error due to it matching an unsupported rewrite/redirect/header or middlware
[debug] [2025-10-31T20:58:26.958Z] skipping /_not-found due to it matching an unsupported rewrite/redirect/header or middlware
[debug] [2025-10-31T20:58:26.958Z] skipping /admin/content due to it matching an unsupported rewrite/redirect/header or middlware
[debug] [2025-10-31T20:58:26.958Z] skipping /admin/documents/create due to it matching an unsupported rewrite/redirect/header or middlware
[debug] [2025-10-31T20:58:26.959Z] skipping /admin/field-definitions due to it matching an unsupported rewrite/redirect/header or middlware
[debug] [2025-10-31T20:58:26.959Z] skipping /admin/login due to it matching an unsupported rewrite/redirect/header or middlware
[debug] [2025-10-31T20:58:26.959Z] skipping /admin/mappings due to it matching an unsupported rewrite/redirect/header or middlware
[debug] [2025-10-31T20:58:26.959Z] skipping /admin due to it matching an unsupported rewrite/redirect/header or middlware
[debug] [2025-10-31T20:58:26.959Z] skipping /admin/templates due to it matching an unsupported rewrite/redirect/header or middlware
[debug] [2025-10-31T20:58:26.959Z] skipping /admin/users due to it matching an unsupported rewrite/redirect/header or middlware
[debug] [2025-10-31T20:58:26.959Z] skipping /dang-ky-thue due to it matching an unsupported rewrite/redirect/header or middlware
[debug] [2025-10-31T20:58:26.959Z] skipping /doi-mat-khau due to it matching an unsupported rewrite/redirect/header or middlware
[debug] [2025-10-31T20:58:26.959Z] skipping /ho-so-dang-ky-thue due to it matching an unsupported rewrite/redirect/header or middlware
[debug] [2025-10-31T20:58:26.959Z] skipping /ho-so-quyet-toan-thue due to it matching an unsupported rewrite/redirect/header or middlware
[debug] [2025-10-31T20:58:26.959Z] skipping /ho-tro-quyet-toan due to it matching an unsupported rewrite/redirect/header or middlware
[debug] [2025-10-31T20:58:26.959Z] skipping /ho-tro due to it matching an unsupported rewrite/redirect/header or middlware
[debug] [2025-10-31T20:58:26.959Z] skipping /hoa-don-dien-tu due to it matching an unsupported rewrite/redirect/header or middlware
[debug] [2025-10-31T20:58:26.959Z] skipping /khai-thue due to it matching an unsupported rewrite/redirect/header or middlware
[debug] [2025-10-31T20:58:26.959Z] skipping /login due to it matching an unsupported rewrite/redirect/header or middlware
[debug] [2025-10-31T20:58:26.959Z] skipping /nhom-chuc-nang-nop-thue due to it matching an unsupported rewrite/redirect/header or middlware
[debug] [2025-10-31T20:58:26.960Z] skipping / due to it matching an unsupported rewrite/redirect/header or middlware
[debug] [2025-10-31T20:58:26.960Z] skipping /thiet-lap-ca-nhan due to it matching an unsupported rewrite/redirect/header or middlware
[debug] [2025-10-31T20:58:26.960Z] skipping /thong-bao due to it matching an unsupported rewrite/redirect/header or middlware
[debug] [2025-10-31T20:58:26.960Z] skipping /thong-tin-nguoi-noop-thue due to it matching an unsupported rewrite/redirect/header or middlware
[debug] [2025-10-31T20:58:26.960Z] skipping /thong-tin-tai-khoan due to it matching an unsupported rewrite/redirect/header or middlware
[debug] [2025-10-31T20:58:26.960Z] skipping /tien-ich due to it matching an unsupported rewrite/redirect/header or middlware
[debug] [2025-10-31T20:58:26.960Z] skipping /tra-cuu-chung-tu due to it matching an unsupported rewrite/redirect/header or middlware
[debug] [2025-10-31T20:58:26.960Z] skipping /tra-cuu-nghia-vu-thue due to it matching an unsupported rewrite/redirect/header or middlware
[debug] [2025-10-31T20:58:26.960Z] skipping /tra-cuu-thong-tin-nguoi-phu-thuoc due to it matching an unsupported rewrite/redirect/header or middlware
[debug] [2025-10-31T20:58:26.960Z] skipping /tra-cuu-thong-tin-quyet-toan due to it matching an unsupported rewrite/redirect/header or middlware
[debug] [2025-10-31T20:58:26.960Z] skipping /van-tay due to it matching an unsupported rewrite/redirect/header or middlware
[debug] [2025-10-31T20:58:26.960Z] skipping /404 due to it matching an unsupported rewrite/redirect/header or middlware
[debug] [2025-10-31T20:58:26.960Z] skipping /500 due to it matching an unsupported rewrite/redirect/header or middlware
[debug] [2025-10-31T20:58:27.141Z] Checked if tokens are valid: true, expires at: 1761945400610
[debug] [2025-10-31T20:58:27.141Z] Checked if tokens are valid: true, expires at: 1761945400610
[debug] [2025-10-31T20:58:27.142Z] >>> [apiv2][query] GET https://firebasehosting.googleapis.com/v1beta1/projects/anhbao-373f3/sites/anhbao-373f3 [none]
[debug] [2025-10-31T20:58:27.694Z] <<< [apiv2][status] GET https://firebasehosting.googleapis.com/v1beta1/projects/anhbao-373f3/sites/anhbao-373f3 200
[debug] [2025-10-31T20:58:27.694Z] <<< [apiv2][body] GET https://firebasehosting.googleapis.com/v1beta1/projects/anhbao-373f3/sites/anhbao-373f3 {"name":"projects/anhbao-373f3/sites/anhbao-373f3","defaultUrl":"https://anhbao-373f3.web.app","appId":"1:599456783339:web:cd57a672317cfaf2d617ae","type":"DEFAULT_SITE"}
[debug] [2025-10-31T21:00:03.627Z] [web frameworks] effective firebase.json:  {
  "hosting": [
    {
      "source": ".",
      "predeploy": [
        "npm run build"
      ],
      "site": "anhbao-373f3",
      "rewrites": [
        {
          "source": "/**",
          "function": {
            "functionId": "ssranhbao373f3",
            "region": "us-central1",
            "pinTag": true
          }
        }
      ],
      "redirects": [],
      "headers": [
        {
          "source": "/(.*)",
          "headers": [
            {
              "key": "X-Frame-Options",
              "value": "SAMEORIGIN"
            },
            {
              "key": "X-Content-Type-Options",
              "value": "nosniff"
            },
            {
              "key": "Referrer-Policy",
              "value": "strict-origin-when-cross-origin"
            },
            {
              "key": "Permissions-Policy",
              "value": "camera=(), microphone=(), geolocation=()"
            },
            {
              "key": "Content-Security-Policy",
              "value": "default-src 'self'; script-src 'self' 'unsafe-inline' 'unsafe-eval'; style-src 'self' 'unsafe-inline'; img-src 'self' data: blob: https:; font-src 'self' data:; connect-src 'self' https://identitytoolkit.googleapis.com https://securetoken.googleapis.com https://firestore.googleapis.com https://www.googleapis.com https://firebasestorage.googleapis.com; object-src 'none'; base-uri 'self'; frame-ancestors 'self'; form-action 'self';"
            }
          ]
        },
        {
          "source": "/_global-error",
          "headers": [
            {
              "key": "x-nextjs-stale-time",
              "value": "300"
            },
            {
              "key": "x-nextjs-prerender",
              "value": "1"
            },
            {
              "key": "x-next-cache-tags",
              "value": "_N_T_/layout,_N_T_/_global-error/layout,_N_T_/_global-error/page,_N_T_/_global-error"
            }
          ]
        },
        {
          "source": "/_not-found",
          "headers": [
            {
              "key": "x-nextjs-stale-time",
              "value": "300"
            },
            {
              "key": "x-nextjs-prerender",
              "value": "1"
            },
            {
              "key": "x-next-cache-tags",
              "value": "_N_T_/layout,_N_T_/_not-found/layout,_N_T_/_not-found/page,_N_T_/_not-found"
            }
          ]
        },
        {
          "source": "/admin/content",
          "headers": [
            {
              "key": "x-nextjs-stale-time",
              "value": "300"
            },
            {
              "key": "x-nextjs-prerender",
              "value": "1"
            },
            {
              "key": "x-next-cache-tags",
              "value": "_N_T_/layout,_N_T_/admin/layout,_N_T_/admin/content/layout,_N_T_/admin/content/page,_N_T_/admin/content"
            }
          ]
        },
        {
          "source": "/admin/documents/create",
          "headers": [
            {
              "key": "x-nextjs-stale-time",
              "value": "300"
            },
            {
              "key": "x-nextjs-prerender",
              "value": "1"
            },
            {
              "key": "x-next-cache-tags",
              "value": "_N_T_/layout,_N_T_/admin/layout,_N_T_/admin/documents/layout,_N_T_/admin/documents/create/layout,_N_T_/admin/documents/create/page,_N_T_/admin/documents/create"
            }
          ]
        },
        {
          "source": "/admin/field-definitions",
          "headers": [
            {
              "key": "x-nextjs-stale-time",
              "value": "300"
            },
            {
              "key": "x-nextjs-prerender",
              "value": "1"
            },
            {
              "key": "x-next-cache-tags",
              "value": "_N_T_/layout,_N_T_/admin/layout,_N_T_/admin/field-definitions/layout,_N_T_/admin/field-definitions/page,_N_T_/admin/field-definitions"
            }
          ]
        },
        {
          "source": "/admin/login",
          "headers": [
            {
              "key": "x-nextjs-stale-time",
              "value": "300"
            },
            {
              "key": "x-nextjs-prerender",
              "value": "1"
            },
            {
              "key": "x-next-cache-tags",
              "value": "_N_T_/layout,_N_T_/admin/layout,_N_T_/admin/login/layout,_N_T_/admin/login/page,_N_T_/admin/login"
            }
          ]
        },
        {
          "source": "/admin/mappings",
          "headers": [
            {
              "key": "x-nextjs-stale-time",
              "value": "300"
            },
            {
              "key": "x-nextjs-prerender",
              "value": "1"
            },
            {
              "key": "x-next-cache-tags",
              "value": "_N_T_/layout,_N_T_/admin/layout,_N_T_/admin/mappings/layout,_N_T_/admin/mappings/page,_N_T_/admin/mappings"
            }
          ]
        },
        {
          "source": "/admin",
          "headers": [
            {
              "key": "x-nextjs-stale-time",
              "value": "300"
            },
            {
              "key": "x-nextjs-prerender",
              "value": "1"
            },
            {
              "key": "x-next-cache-tags",
              "value": "_N_T_/layout,_N_T_/admin/layout,_N_T_/admin/page,_N_T_/admin"
            }
          ]
        },
        {
          "source": "/admin/templates",
          "headers": [
            {
              "key": "x-nextjs-stale-time",
              "value": "300"
            },
            {
              "key": "x-nextjs-prerender",
              "value": "1"
            },
            {
              "key": "x-next-cache-tags",
              "value": "_N_T_/layout,_N_T_/admin/layout,_N_T_/admin/templates/layout,_N_T_/admin/templates/page,_N_T_/admin/templates"
            }
          ]
        },
        {
          "source": "/admin/users",
          "headers": [
            {
              "key": "x-nextjs-stale-time",
              "value": "300"
            },
            {
              "key": "x-nextjs-prerender",
              "value": "1"
            },
            {
              "key": "x-next-cache-tags",
              "value": "_N_T_/layout,_N_T_/admin/layout,_N_T_/admin/users/layout,_N_T_/admin/users/page,_N_T_/admin/users"
            }
          ]
        },
        {
          "source": "/dang-ky-thue",
          "headers": [
            {
              "key": "x-nextjs-stale-time",
              "value": "300"
            },
            {
              "key": "x-nextjs-prerender",
              "value": "1"
            },
            {
              "key": "x-next-cache-tags",
              "value": "_N_T_/layout,_N_T_/dang-ky-thue/layout,_N_T_/dang-ky-thue/page,_N_T_/dang-ky-thue"
            }
          ]
        },
        {
          "source": "/doi-mat-khau",
          "headers": [
            {
              "key": "x-nextjs-stale-time",
              "value": "300"
            },
            {
              "key": "x-nextjs-prerender",
              "value": "1"
            },
            {
              "key": "x-next-cache-tags",
              "value": "_N_T_/layout,_N_T_/doi-mat-khau/layout,_N_T_/doi-mat-khau/page,_N_T_/doi-mat-khau"
            }
          ]
        },
        {
          "source": "/ho-so-dang-ky-thue",
          "headers": [
            {
              "key": "x-nextjs-stale-time",
              "value": "300"
            },
            {
              "key": "x-nextjs-prerender",
              "value": "1"
            },
            {
              "key": "x-next-cache-tags",
              "value": "_N_T_/layout,_N_T_/ho-so-dang-ky-thue/layout,_N_T_/ho-so-dang-ky-thue/page,_N_T_/ho-so-dang-ky-thue"
            }
          ]
        },
        {
          "source": "/ho-so-quyet-toan-thue",
          "headers": [
            {
              "key": "x-nextjs-stale-time",
              "value": "300"
            },
            {
              "key": "x-nextjs-prerender",
              "value": "1"
            },
            {
              "key": "x-next-cache-tags",
              "value": "_N_T_/layout,_N_T_/ho-so-quyet-toan-thue/layout,_N_T_/ho-so-quyet-toan-thue/page,_N_T_/ho-so-quyet-toan-thue"
            }
          ]
        },
        {
          "source": "/ho-tro",
          "headers": [
            {
              "key": "x-nextjs-stale-time",
              "value": "300"
            },
            {
              "key": "x-nextjs-prerender",
              "value": "1"
            },
            {
              "key": "x-next-cache-tags",
              "value": "_N_T_/layout,_N_T_/ho-tro/layout,_N_T_/ho-tro/page,_N_T_/ho-tro"
            }
          ]
        },
        {
          "source": "/ho-tro-quyet-toan",
          "headers": [
            {
              "key": "x-nextjs-stale-time",
              "value": "300"
            },
            {
              "key": "x-nextjs-prerender",
              "value": "1"
            },
            {
              "key": "x-next-cache-tags",
              "value": "_N_T_/layout,_N_T_/ho-tro-quyet-toan/layout,_N_T_/ho-tro-quyet-toan/page,_N_T_/ho-tro-quyet-toan"
            }
          ]
        },
        {
          "source": "/hoa-don-dien-tu",
          "headers": [
            {
              "key": "x-nextjs-stale-time",
              "value": "300"
            },
            {
              "key": "x-nextjs-prerender",
              "value": "1"
            },
            {
              "key": "x-next-cache-tags",
              "value": "_N_T_/layout,_N_T_/hoa-don-dien-tu/layout,_N_T_/hoa-don-dien-tu/page,_N_T_/hoa-don-dien-tu"
            }
          ]
        },
        {
          "source": "/khai-thue",
          "headers": [
            {
              "key": "x-nextjs-stale-time",
              "value": "300"
            },
            {
              "key": "x-nextjs-prerender",
              "value": "1"
            },
            {
              "key": "x-next-cache-tags",
              "value": "_N_T_/layout,_N_T_/khai-thue/layout,_N_T_/khai-thue/page,_N_T_/khai-thue"
            }
          ]
        },
        {
          "source": "/login",
          "headers": [
            {
              "key": "x-nextjs-stale-time",
              "value": "300"
            },
            {
              "key": "x-nextjs-prerender",
              "value": "1"
            },
            {
              "key": "x-next-cache-tags",
              "value": "_N_T_/layout,_N_T_/login/layout,_N_T_/login/page,_N_T_/login"
            }
          ]
        },
        {
          "source": "/thiet-lap-ca-nhan",
          "headers": [
            {
              "key": "x-nextjs-stale-time",
              "value": "300"
            },
            {
              "key": "x-nextjs-prerender",
              "value": "1"
            },
            {
              "key": "x-next-cache-tags",
              "value": "_N_T_/layout,_N_T_/thiet-lap-ca-nhan/layout,_N_T_/thiet-lap-ca-nhan/page,_N_T_/thiet-lap-ca-nhan"
            }
          ]
        },
        {
          "source": "/nhom-chuc-nang-nop-thue",
          "headers": [
            {
              "key": "x-nextjs-stale-time",
              "value": "300"
            },
            {
              "key": "x-nextjs-prerender",
              "value": "1"
            },
            {
              "key": "x-next-cache-tags",
              "value": "_N_T_/layout,_N_T_/nhom-chuc-nang-nop-thue/layout,_N_T_/nhom-chuc-nang-nop-thue/page,_N_T_/nhom-chuc-nang-nop-thue"
            }
          ]
        },
        {
          "source": "/thong-bao",
          "headers": [
            {
              "key": "x-nextjs-stale-time",
              "value": "300"
            },
            {
              "key": "x-nextjs-prerender",
              "value": "1"
            },
            {
              "key": "x-next-cache-tags",
              "value": "_N_T_/layout,_N_T_/thong-bao/layout,_N_T_/thong-bao/page,_N_T_/thong-bao"
            }
          ]
        },
        {
          "source": "/thong-tin-nguoi-noop-thue",
          "headers": [
            {
              "key": "x-nextjs-stale-time",
              "value": "300"
            },
            {
              "key": "x-nextjs-prerender",
              "value": "1"
            },
            {
              "key": "x-next-cache-tags",
              "value": "_N_T_/layout,_N_T_/thong-tin-nguoi-noop-thue/layout,_N_T_/thong-tin-nguoi-noop-thue/page,_N_T_/thong-tin-nguoi-noop-thue"
            }
          ]
        },
        {
          "source": "/thong-tin-tai-khoan",
          "headers": [
            {
              "key": "x-nextjs-stale-time",
              "value": "300"
            },
            {
              "key": "x-nextjs-prerender",
              "value": "1"
            },
            {
              "key": "x-next-cache-tags",
              "value": "_N_T_/layout,_N_T_/thong-tin-tai-khoan/layout,_N_T_/thong-tin-tai-khoan/page,_N_T_/thong-tin-tai-khoan"
            }
          ]
        },
        {
          "source": "/tien-ich",
          "headers": [
            {
              "key": "x-nextjs-stale-time",
              "value": "300"
            },
            {
              "key": "x-nextjs-prerender",
              "value": "1"
            },
            {
              "key": "x-next-cache-tags",
              "value": "_N_T_/layout,_N_T_/tien-ich/layout,_N_T_/tien-ich/page,_N_T_/tien-ich"
            }
          ]
        },
        {
          "source": "/tra-cuu-chung-tu",
          "headers": [
            {
              "key": "x-nextjs-stale-time",
              "value": "300"
            },
            {
              "key": "x-nextjs-prerender",
              "value": "1"
            },
            {
              "key": "x-next-cache-tags",
              "value": "_N_T_/layout,_N_T_/tra-cuu-chung-tu/layout,_N_T_/tra-cuu-chung-tu/page,_N_T_/tra-cuu-chung-tu"
            }
          ]
        },
        {
          "source": "/tra-cuu-nghia-vu-thue",
          "headers": [
            {
              "key": "x-nextjs-stale-time",
              "value": "300"
            },
            {
              "key": "x-nextjs-prerender",
              "value": "1"
            },
            {
              "key": "x-next-cache-tags",
              "value": "_N_T_/layout,_N_T_/tra-cuu-nghia-vu-thue/layout,_N_T_/tra-cuu-nghia-vu-thue/page,_N_T_/tra-cuu-nghia-vu-thue"
            }
          ]
        },
        {
          "source": "/tra-cuu-thong-tin-nguoi-phu-thuoc",
          "headers": [
            {
              "key": "x-nextjs-stale-time",
              "value": "300"
            },
            {
              "key": "x-nextjs-prerender",
              "value": "1"
            },
            {
              "key": "x-next-cache-tags",
              "value": "_N_T_/layout,_N_T_/tra-cuu-thong-tin-nguoi-phu-thuoc/layout,_N_T_/tra-cuu-thong-tin-nguoi-phu-thuoc/page,_N_T_/tra-cuu-thong-tin-nguoi-phu-thuoc"
            }
          ]
        },
        {
          "source": "/tra-cuu-thong-tin-quyet-toan",
          "headers": [
            {
              "key": "x-nextjs-stale-time",
              "value": "300"
            },
            {
              "key": "x-nextjs-prerender",
              "value": "1"
            },
            {
              "key": "x-next-cache-tags",
              "value": "_N_T_/layout,_N_T_/tra-cuu-thong-tin-quyet-toan/layout,_N_T_/tra-cuu-thong-tin-quyet-toan/page,_N_T_/tra-cuu-thong-tin-quyet-toan"
            }
          ]
        },
        {
          "source": "/van-tay",
          "headers": [
            {
              "key": "x-nextjs-stale-time",
              "value": "300"
            },
            {
              "key": "x-nextjs-prerender",
              "value": "1"
            },
            {
              "key": "x-next-cache-tags",
              "value": "_N_T_/layout,_N_T_/van-tay/layout,_N_T_/van-tay/page,_N_T_/van-tay"
            }
          ]
        },
        {
          "source": "/**/*.[jt]s",
          "headers": [
            {
              "key": "Set-Cookie",
              "value": "__FIREBASE_DEFAULTS__=eyJjb25maWciOnsicHJvamVjdElkIjoiYW5oYmFvLTM3M2YzIiwiYXBwSWQiOiIxOjU5OTQ1Njc4MzMzOTp3ZWI6Y2Q1N2E2NzIzMTdjZmFmMmQ2MTdhZSIsImRhdGFiYXNlVVJMIjoiaHR0cHM6Ly9hbmhiYW8tMzczZjMtZGVmYXVsdC1ydGRiLmFzaWEtc291dGhlYXN0MS5maXJlYmFzZWRhdGFiYXNlLmFwcCIsInN0b3JhZ2VCdWNrZXQiOiJhbmhiYW8tMzczZjMuZmlyZWJhc2VzdG9yYWdlLmFwcCIsImFwaUtleSI6IkFJemFTeUNRN1ItR3laalNZX2lQUTFpb29GX3VGT2EzNWdWaU0xOCIsImF1dGhEb21haW4iOiJhbmhiYW8tMzczZjMuZmlyZWJhc2VhcHAuY29tIiwibWVzc2FnaW5nU2VuZGVySWQiOiI1OTk0NTY3ODMzMzkiLCJwcm9qZWN0TnVtYmVyIjoiNTk5NDU2NzgzMzM5IiwidmVyc2lvbiI6IjIifSwiX2F1dGhUb2tlblN5bmNVUkwiOiIvX19zZXNzaW9uIn0; SameSite=Strict; Expires=2027-09-26T07:40:03.627Z; Path=/;"
            }
          ]
        }
      ],
      "cleanUrls": true,
      "trailingSlash": false,
      "public": ".firebase/anhbao-373f3/hosting",
      "webFramework": "next_ssr"
    }
  ],
  "functions": [
    {
      "source": ".firebase/anhbao-373f3/functions",
      "codebase": "firebase-frameworks-anhbao-373f3"
    }
  ]
}
[debug] [2025-10-31T21:00:03.629Z] > command requires scopes: ["email","openid","https://www.googleapis.com/auth/cloudplatformprojects.readonly","https://www.googleapis.com/auth/firebase","https://www.googleapis.com/auth/cloud-platform"]
[debug] [2025-10-31T21:00:03.630Z] > authorizing via signed-in user (begau1302@gmail.com)
[debug] [2025-10-31T21:00:03.630Z] [iam] checking project anhbao-373f3 for permissions ["cloudfunctions.functions.create","cloudfunctions.functions.delete","cloudfunctions.functions.get","cloudfunctions.functions.list","cloudfunctions.functions.update","cloudfunctions.operations.get","firebase.projects.get"]
[debug] [2025-10-31T21:00:03.631Z] Checked if tokens are valid: true, expires at: 1761945400610
[debug] [2025-10-31T21:00:03.631Z] Checked if tokens are valid: true, expires at: 1761945400610
[debug] [2025-10-31T21:00:03.631Z] >>> [apiv2][query] POST https://cloudresourcemanager.googleapis.com/v1/projects/anhbao-373f3:testIamPermissions [none]
[debug] [2025-10-31T21:00:03.631Z] >>> [apiv2][(partial)header] POST https://cloudresourcemanager.googleapis.com/v1/projects/anhbao-373f3:testIamPermissions x-goog-quota-user=projects/anhbao-373f3
[debug] [2025-10-31T21:00:03.632Z] >>> [apiv2][body] POST https://cloudresourcemanager.googleapis.com/v1/projects/anhbao-373f3:testIamPermissions {"permissions":["cloudfunctions.functions.create","cloudfunctions.functions.delete","cloudfunctions.functions.get","cloudfunctions.functions.list","cloudfunctions.functions.update","cloudfunctions.operations.get","firebase.projects.get"]}
[debug] [2025-10-31T21:00:04.645Z] <<< [apiv2][status] POST https://cloudresourcemanager.googleapis.com/v1/projects/anhbao-373f3:testIamPermissions 200
[debug] [2025-10-31T21:00:04.646Z] <<< [apiv2][body] POST https://cloudresourcemanager.googleapis.com/v1/projects/anhbao-373f3:testIamPermissions {"permissions":["cloudfunctions.functions.create","cloudfunctions.functions.delete","cloudfunctions.functions.get","cloudfunctions.functions.list","cloudfunctions.functions.update","cloudfunctions.operations.get","firebase.projects.get"]}
[info] 
[info] === Deploying to 'anhbao-373f3'...
[info] 
[info] i  deploying functions, firestore, hosting 
[info] Running command: npm run build
[info] ✔  hosting: Finished running predeploy script. 
[debug] [2025-10-31T21:00:29.091Z] Checked if tokens are valid: true, expires at: 1761945400610
[debug] [2025-10-31T21:00:29.092Z] Checked if tokens are valid: true, expires at: 1761945400610
[debug] [2025-10-31T21:00:29.092Z] >>> [apiv2][query] GET https://cloudresourcemanager.googleapis.com/v1/projects/anhbao-373f3 [none]
[debug] [2025-10-31T21:00:30.147Z] <<< [apiv2][status] GET https://cloudresourcemanager.googleapis.com/v1/projects/anhbao-373f3 200
[debug] [2025-10-31T21:00:30.147Z] <<< [apiv2][body] GET https://cloudresourcemanager.googleapis.com/v1/projects/anhbao-373f3 {"projectNumber":"599456783339","projectId":"anhbao-373f3","lifecycleState":"ACTIVE","name":"anhbao-373f3","labels":{"firebase":"enabled","firebase-core":"disabled","generative-language":"enabled"},"createTime":"2025-06-30T18:12:54.443085Z"}
[info] i  functions: preparing codebase firebase-frameworks-anhbao-373f3 for deployment 
[info] i  functions: ensuring required API cloudfunctions.googleapis.com is enabled... 
[info] i  functions: ensuring required API cloudbuild.googleapis.com is enabled... 
[debug] [2025-10-31T21:00:30.149Z] Checked if tokens are valid: true, expires at: 1761945400610
[debug] [2025-10-31T21:00:30.150Z] Checked if tokens are valid: true, expires at: 1761945400610
[info] i  artifactregistry: ensuring required API artifactregistry.googleapis.com is enabled... 
[debug] [2025-10-31T21:00:30.150Z] Checked if tokens are valid: true, expires at: 1761945400610
[debug] [2025-10-31T21:00:30.150Z] Checked if tokens are valid: true, expires at: 1761945400610
[debug] [2025-10-31T21:00:30.150Z] >>> [apiv2][query] GET https://serviceusage.googleapis.com/v1/projects/anhbao-373f3/services/cloudbuild.googleapis.com [none]
[debug] [2025-10-31T21:00:30.150Z] >>> [apiv2][(partial)header] GET https://serviceusage.googleapis.com/v1/projects/anhbao-373f3/services/cloudbuild.googleapis.com x-goog-quota-user=projects/anhbao-373f3
[debug] [2025-10-31T21:00:30.152Z] >>> [apiv2][query] GET https://serviceusage.googleapis.com/v1/projects/anhbao-373f3/services/artifactregistry.googleapis.com [none]
[debug] [2025-10-31T21:00:30.152Z] >>> [apiv2][(partial)header] GET https://serviceusage.googleapis.com/v1/projects/anhbao-373f3/services/artifactregistry.googleapis.com x-goog-quota-user=projects/anhbao-373f3
[debug] [2025-10-31T21:00:31.466Z] <<< [apiv2][status] GET https://serviceusage.googleapis.com/v1/projects/anhbao-373f3/services/cloudbuild.googleapis.com 200
[debug] [2025-10-31T21:00:31.467Z] <<< [apiv2][body] GET https://serviceusage.googleapis.com/v1/projects/anhbao-373f3/services/cloudbuild.googleapis.com [omitted]
[warn] ⚠  functions: missing required API cloudbuild.googleapis.com. Enabling now... 
[debug] [2025-10-31T21:00:31.468Z] Checked if tokens are valid: true, expires at: 1761945400610
[debug] [2025-10-31T21:00:31.468Z] Checked if tokens are valid: true, expires at: 1761945400610
[debug] [2025-10-31T21:00:31.468Z] >>> [apiv2][query] POST https://serviceusage.googleapis.com/v1/projects/anhbao-373f3/services/cloudbuild.googleapis.com:enable [none]
[debug] [2025-10-31T21:00:31.468Z] >>> [apiv2][(partial)header] POST https://serviceusage.googleapis.com/v1/projects/anhbao-373f3/services/cloudbuild.googleapis.com:enable x-goog-quota-user=projects/anhbao-373f3
[debug] [2025-10-31T21:00:31.519Z] <<< [apiv2][status] GET https://serviceusage.googleapis.com/v1/projects/anhbao-373f3/services/artifactregistry.googleapis.com 200
[debug] [2025-10-31T21:00:31.520Z] <<< [apiv2][body] GET https://serviceusage.googleapis.com/v1/projects/anhbao-373f3/services/artifactregistry.googleapis.com [omitted]
[warn] ⚠  artifactregistry: missing required API artifactregistry.googleapis.com. Enabling now... 
[debug] [2025-10-31T21:00:31.520Z] Checked if tokens are valid: true, expires at: 1761945400610
[debug] [2025-10-31T21:00:31.520Z] Checked if tokens are valid: true, expires at: 1761945400610
[debug] [2025-10-31T21:00:31.520Z] >>> [apiv2][query] POST https://serviceusage.googleapis.com/v1/projects/anhbao-373f3/services/artifactregistry.googleapis.com:enable [none]
[debug] [2025-10-31T21:00:31.520Z] >>> [apiv2][(partial)header] POST https://serviceusage.googleapis.com/v1/projects/anhbao-373f3/services/artifactregistry.googleapis.com:enable x-goog-quota-user=projects/anhbao-373f3
[debug] [2025-10-31T21:00:32.640Z] <<< [apiv2][status] POST https://serviceusage.googleapis.com/v1/projects/anhbao-373f3/services/cloudbuild.googleapis.com:enable 400
[debug] [2025-10-31T21:00:32.641Z] <<< [apiv2][body] POST https://serviceusage.googleapis.com/v1/projects/anhbao-373f3/services/cloudbuild.googleapis.com:enable [omitted]
[error] 
[error] Error: Your project anhbao-373f3 must be on the Blaze (pay-as-you-go) plan to complete this command. Required API cloudbuild.googleapis.com can't be enabled until the upgrade is complete. To upgrade, visit the following URL:

https://console.firebase.google.com/project/anhbao-373f3/usage/details
[debug] [2025-10-31T21:00:32.654Z] <<< [apiv2][status] POST https://serviceusage.googleapis.com/v1/projects/anhbao-373f3/services/artifactregistry.googleapis.com:enable 400
[debug] [2025-10-31T21:00:32.654Z] <<< [apiv2][body] POST https://serviceusage.googleapis.com/v1/projects/anhbao-373f3/services/artifactregistry.googleapis.com:enable [omitted]
